Using pre-set license
Built from '2020.3/release' branch; Version is '2020.3.1f1 (77a89f25062f) revision 7841951'; Using compiler version '192528614'; Build Type 'Release'
OS: 'Windows 10 Home; OS build 19042.867; Version 2009; 64bit' Language: 'en' Physical Memory: 16257 MB
BatchMode: 1, IsHumanControllingUs: 0, StartBugReporterOnCrash: 0, Is64bit: 1, IsPro: 0

 COMMAND LINE ARGUMENTS:
C:\Program Files\Unity\Editor\Unity.exe
-adb2
-batchMode
-noUpm
-name
AssetImportWorker2
-projectPath
C:/Users/tamma/Rollerball/Unity Input System move and rotate tutorial
-logFile
Logs/AssetImportWorker2.log
-srvPort
56804
Successfully changed project path to: C:/Users/tamma/Rollerball/Unity Input System move and rotate tutorial
C:/Users/tamma/Rollerball/Unity Input System move and rotate tutorial
Using Asset Import Pipeline V2.
Refreshing native plugins compatible for Editor in 182.22 ms, found 0 plugins.
Preloading 0 native plugins for Editor in 0.00 ms.
Initialize engine version: 2020.3.1f1 (77a89f25062f)
[Subsystems] Discovering subsystems at path C:/Program Files/Unity/Editor/Data/Resources/UnitySubsystems
[Subsystems] Discovering subsystems at path C:/Users/tamma/Rollerball/Unity Input System move and rotate tutorial/Assets
GfxDevice: creating device client; threaded=0
Direct3D:
    Version:  Direct3D 11.0 [level 11.1]
    Renderer: NVIDIA GeForce GTX 1060 (ID=0x1c20)
    Vendor:   
    VRAM:     6052 MB
    Driver:   27.21.14.6109
Shader 'Universal Render Pipeline/Particles/Lit': fallback shader 'Universal Render Pipeline/Particles/SimpleLit' not found
Initialize mono
Mono path[0] = 'C:/Program Files/Unity/Editor/Data/Managed'
Mono path[1] = 'C:/Program Files/Unity/Editor/Data/MonoBleedingEdge/lib/mono/unityjit'
Mono config path = 'C:/Program Files/Unity/Editor/Data/MonoBleedingEdge/etc'
Using monoOptions --debugger-agent=transport=dt_socket,embedding=1,server=y,suspend=n,address=127.0.0.1:56460
Begin MonoManager ReloadAssembly
Registering precompiled unity dll's ...
Register platform support module: C:/Program Files/Unity/Editor/Data/PlaybackEngines/WebGLSupport/UnityEditor.WebGL.Extensions.dll
Register platform support module: C:/Program Files/Unity/Editor/Data/PlaybackEngines/WindowsStandaloneSupport/UnityEditor.WindowsStandalone.Extensions.dll
Registered in 0.010878 seconds.
Native extension for WindowsStandalone target not found
Native extension for WebGL target not found
Refreshing native plugins compatible for Editor in 112.84 ms, found 0 plugins.
Preloading 0 native plugins for Editor in 0.00 ms.
Invoked RoslynAnalysisRunner static constructor.
RoslynAnalysisRunner will not be running.
RoslynAnalysisRunner has terminated.
Mono: successfully reloaded assembly
- Completed reload, in  3.823 seconds
Platform modules already initialized, skipping
Registering precompiled user dll's ...
Registered in 0.005870 seconds.
Begin MonoManager ReloadAssembly
Native extension for WindowsStandalone target not found
Native extension for WebGL target not found
Refreshing native plugins compatible for Editor in 80.15 ms, found 0 plugins.
Preloading 0 native plugins for Editor in 0.00 ms.
Invoked RoslynAnalysisRunner static constructor.
RoslynAnalysisRunner will not be running.
RoslynAnalysisRunner has terminated.
Mono: successfully reloaded assembly
- Completed reload, in  8.327 seconds
Platform modules already initialized, skipping
========================================================================
Worker process is ready to serve import requests
Shader 'Universal Render Pipeline/Particles/Lit': fallback shader 'Universal Render Pipeline/Particles/SimpleLit' not found
Launched and connected shader compiler UnityShaderCompiler.exe after 0.26 seconds
Refreshing native plugins compatible for Editor in 0.99 ms, found 0 plugins.
Preloading 0 native plugins for Editor in 0.00 ms.
Unloading 2864 Unused Serialized files (Serialized files now loaded: 0)
System memory in use before: 128.6 MB.
System memory in use after: 128.5 MB.

Unloading 23 unused Assets to reduce memory usage. Loaded Objects now: 3302.
Total: 6.122500 ms (FindLiveObjects: 0.669200 ms CreateObjectMapping: 0.373400 ms MarkObjects: 4.596600 ms  DeleteObjects: 0.480400 ms)

========================================================================
Received Import Request.
  path: Packages/com.unity.render-pipelines.core/Editor/Resources/Advanced_UnPressed_mini.png
  artifactKey: Guid(ad4dcac393f63f3468f6d9ff1652732e) Importer(815301076,1909f56bfc062723c751e8b465ee728b)
Start importing Packages/com.unity.render-pipelines.core/Editor/Resources/Advanced_UnPressed_mini.png using Guid(ad4dcac393f63f3468f6d9ff1652732e) Importer(815301076,1909f56bfc062723c751e8b465ee728b)  -> (artifact id: '24b76a7a6e68969faca705545aaea093') in 0.334884 seconds
  Import took 0.351100 seconds .

========================================================================
Received Import Request.
  Time since last request: 0.000629 seconds.
  path: Packages/com.unity.render-pipelines.core/Editor/LookDev/Icons/Add.png
  artifactKey: Guid(cbaeed03e5416aa4bae23110b63a0c7d) Importer(815301076,1909f56bfc062723c751e8b465ee728b)
Start importing Packages/com.unity.render-pipelines.core/Editor/LookDev/Icons/Add.png using Guid(cbaeed03e5416aa4bae23110b63a0c7d) Importer(815301076,1909f56bfc062723c751e8b465ee728b)  -> (artifact id: 'a0984e226cc331b5b6c2439c61fc1c1b') in 0.060425 seconds
  Import took 0.072096 seconds .

========================================================================
Received Import Request.
  Time since last request: 0.000606 seconds.
  path: Packages/com.unity.render-pipelines.core/Editor/LookDev/Icons/Camera1@2x.png
  artifactKey: Guid(52b3ad4181ffbec4cad6eb26d07127f6) Importer(815301076,1909f56bfc062723c751e8b465ee728b)
Start importing Packages/com.unity.render-pipelines.core/Editor/LookDev/Icons/Camera1@2x.png using Guid(52b3ad4181ffbec4cad6eb26d07127f6) Importer(815301076,1909f56bfc062723c751e8b465ee728b)  -> (artifact id: '74517121cf4ccf4e06f6235ecd1028a4') in 0.052945 seconds
  Import took 0.067013 seconds .

========================================================================
Received Import Request.
  Time since last request: 0.000611 seconds.
  path: Packages/com.unity.render-pipelines.core/Editor/LookDev/Icons/Camera2.png
  artifactKey: Guid(e89a31db98e403b40af1a8f0ef9ae1ef) Importer(815301076,1909f56bfc062723c751e8b465ee728b)
Start importing Packages/com.unity.render-pipelines.core/Editor/LookDev/Icons/Camera2.png using Guid(e89a31db98e403b40af1a8f0ef9ae1ef) Importer(815301076,1909f56bfc062723c751e8b465ee728b)  -> (artifact id: '1d9b2338bf667d83b309c87f0011f08d') in 0.054891 seconds
  Import took 0.066830 seconds .

========================================================================
Received Import Request.
  Time since last request: 0.000338 seconds.
  path: Packages/com.unity.render-pipelines.core/Editor/LookDev/Icons/CenterLight@2x.png
  artifactKey: Guid(8063050a249eef441beb8cbbd04c086c) Importer(815301076,1909f56bfc062723c751e8b465ee728b)
Start importing Packages/com.unity.render-pipelines.core/Editor/LookDev/Icons/CenterLight@2x.png using Guid(8063050a249eef441beb8cbbd04c086c) Importer(815301076,1909f56bfc062723c751e8b465ee728b)  -> (artifact id: '045de16646a8d54c76879657fe24a15e') in 0.048673 seconds
  Import took 0.058541 seconds .

========================================================================
Received Import Request.
  Time since last request: 0.000664 seconds.
  path: Packages/com.unity.render-pipelines.core/Editor/LookDev/Icons/Camera1.png
  artifactKey: Guid(2384eb5de05269b44a58f8dd1d83d725) Importer(815301076,1909f56bfc062723c751e8b465ee728b)
Start importing Packages/com.unity.render-pipelines.core/Editor/LookDev/Icons/Camera1.png using Guid(2384eb5de05269b44a58f8dd1d83d725) Importer(815301076,1909f56bfc062723c751e8b465ee728b)  -> (artifact id: '881cfb7ef74eb89dd37bdf8a17bc4961') in 0.039172 seconds
  Import took 0.051540 seconds .

========================================================================
Received Import Request.
  Time since last request: 0.000392 seconds.
  path: Assets/StarSparrow/Readme
  artifactKey: Guid(834e66b39219edb4a80bef838300f94f) Importer(815301076,1909f56bfc062723c751e8b465ee728b)
Start importing Assets/StarSparrow/Readme using Guid(834e66b39219edb4a80bef838300f94f) Importer(815301076,1909f56bfc062723c751e8b465ee728b)  -> (artifact id: '783635d5b1b8f7aa12dff16a81f03b03') in 0.014507 seconds
  Import took 0.023008 seconds .

========================================================================
Received Import Request.
  Time since last request: 0.000334 seconds.
  path: Packages/com.unity.render-pipelines.core/Editor/LookDev/Icons/Add@2x.png
  artifactKey: Guid(79aba0b290c471c4ba3d3f818d4e9b15) Importer(815301076,1909f56bfc062723c751e8b465ee728b)
Start importing Packages/com.unity.render-pipelines.core/Editor/LookDev/Icons/Add@2x.png using Guid(79aba0b290c471c4ba3d3f818d4e9b15) Importer(815301076,1909f56bfc062723c751e8b465ee728b)  -> (artifact id: '2f874a82e895275cd7f14e6249a6b87c') in 0.055463 seconds
  Import took 0.066102 seconds .

========================================================================
Received Import Request.
  Time since last request: 0.000584 seconds.
  path: Packages/com.unity.render-pipelines.core/Editor/LookDev/Icons/Camera2@2x.png
  artifactKey: Guid(28f2917353630ce4fa307eeceadcd26d) Importer(815301076,1909f56bfc062723c751e8b465ee728b)
Start importing Packages/com.unity.render-pipelines.core/Editor/LookDev/Icons/Camera2@2x.png using Guid(28f2917353630ce4fa307eeceadcd26d) Importer(815301076,1909f56bfc062723c751e8b465ee728b)  -> (artifact id: '2533efadae26e933f5639973a784024b') in 0.050347 seconds
  Import took 0.062777 seconds .

========================================================================
Received Import Request.
  Time since last request: 0.000544 seconds.
  path: Packages/com.unity.render-pipelines.core/Editor/LookDev/Icons/CenterLight.png
  artifactKey: Guid(3092b2985cafe0b43b1f02ce1d6829d5) Importer(815301076,1909f56bfc062723c751e8b465ee728b)
Start importing Packages/com.unity.render-pipelines.core/Editor/LookDev/Icons/CenterLight.png using Guid(3092b2985cafe0b43b1f02ce1d6829d5) Importer(815301076,1909f56bfc062723c751e8b465ee728b)  -> (artifact id: '828fd569e2d9132546a1ca41445a9255') in 0.054316 seconds
  Import took 0.068586 seconds .

========================================================================
Received Import Request.
  Time since last request: 0.000669 seconds.
  path: Packages/com.unity.render-pipelines.core/Editor/Resources/Advanced_Pressed_mini.png
  artifactKey: Guid(3e471b9fad7264146aa03aca58b27957) Importer(815301076,1909f56bfc062723c751e8b465ee728b)
Start importing Packages/com.unity.render-pipelines.core/Editor/Resources/Advanced_Pressed_mini.png using Guid(3e471b9fad7264146aa03aca58b27957) Importer(815301076,1909f56bfc062723c751e8b465ee728b)  -> (artifact id: '99350cbc634b7cdedb0248f0e07546bd') in 0.054588 seconds
  Import took 0.065271 seconds .

========================================================================
Received Import Request.
  Time since last request: 10.462826 seconds.
  path: Assets/HealthBar.png
  artifactKey: Guid(65cf64760068a924f92926b9a48abadd) Importer(815301076,1909f56bfc062723c751e8b465ee728b)
Start importing Assets/HealthBar.png using Guid(65cf64760068a924f92926b9a48abadd) Importer(815301076,1909f56bfc062723c751e8b465ee728b)  -> (artifact id: '6924b0620061817797c86c58a4b96b80') in 0.057552 seconds
  Import took 0.070051 seconds .

========================================================================
Received Import Request.
  Time since last request: 0.000720 seconds.
  path: Assets/ShipPixel.png
  artifactKey: Guid(2d7196af8b10b6644a3f4f4ac6004cc3) Importer(815301076,1909f56bfc062723c751e8b465ee728b)
Start importing Assets/ShipPixel.png using Guid(2d7196af8b10b6644a3f4f4ac6004cc3) Importer(815301076,1909f56bfc062723c751e8b465ee728b)  -> (artifact id: 'cb8790de9c81a8b60b56507833fc59c3') in 0.104829 seconds
  Import took 0.119626 seconds .

========================================================================
Received Import Request.
  Time since last request: 14.309776 seconds.
  path: Packages/com.unity.render-pipelines.core/Editor/LookDev/Icons/d_Add.png
  artifactKey: Guid(160b197aba549514286b94426ceae589) Importer(815301076,1909f56bfc062723c751e8b465ee728b)
Start importing Packages/com.unity.render-pipelines.core/Editor/LookDev/Icons/d_Add.png using Guid(160b197aba549514286b94426ceae589) Importer(815301076,1909f56bfc062723c751e8b465ee728b)  -> (artifact id: '2c580d5ae5ca5f4c03e879d87509f203') in 0.034801 seconds
  Import took 0.043120 seconds .

========================================================================
Received Import Request.
  Time since last request: 0.000730 seconds.
  path: Packages/com.unity.render-pipelines.core/Editor/LookDev/Icons/d_Camera1.png
  artifactKey: Guid(56c35c86bb44b0e4e84a22db56968157) Importer(815301076,1909f56bfc062723c751e8b465ee728b)
Start importing Packages/com.unity.render-pipelines.core/Editor/LookDev/Icons/d_Camera1.png using Guid(56c35c86bb44b0e4e84a22db56968157) Importer(815301076,1909f56bfc062723c751e8b465ee728b)  -> (artifact id: 'af6b164741de0db368e094edf6d16b5b') in 0.051908 seconds
  Import took 0.063897 seconds .

========================================================================
Received Import Request.
  Time since last request: 0.000711 seconds.
  path: Packages/com.unity.render-pipelines.core/Editor/LookDev/Icons/d_Camera1@2x.png
  artifactKey: Guid(603d01d730be24147adda7897e463598) Importer(815301076,1909f56bfc062723c751e8b465ee728b)
Start importing Packages/com.unity.render-pipelines.core/Editor/LookDev/Icons/d_Camera1@2x.png using Guid(603d01d730be24147adda7897e463598) Importer(815301076,1909f56bfc062723c751e8b465ee728b)  -> (artifact id: '70ff72408796ef46206fb28b929db340') in 0.046175 seconds
  Import took 0.058420 seconds .

========================================================================
Received Import Request.
  Time since last request: 0.000680 seconds.
  path: Packages/com.unity.render-pipelines.core/Editor/LookDev/Icons/d_Add@2x.png
  artifactKey: Guid(daa49a1f06460a04b9827dd6f0bace08) Importer(815301076,1909f56bfc062723c751e8b465ee728b)
Start importing Packages/com.unity.render-pipelines.core/Editor/LookDev/Icons/d_Add@2x.png using Guid(daa49a1f06460a04b9827dd6f0bace08) Importer(815301076,1909f56bfc062723c751e8b465ee728b)  -> (artifact id: 'c25f0643eb4240ac8f46a49717db16a0') in 0.043360 seconds
  Import took 0.051760 seconds .

========================================================================
Received Import Request.
  Time since last request: 0.000562 seconds.
  path: Packages/com.unity.render-pipelines.core/Editor/LookDev/Icons/d_Camera2.png
  artifactKey: Guid(281160d54742cbb44a88a61bf8ccfb16) Importer(815301076,1909f56bfc062723c751e8b465ee728b)
Start importing Packages/com.unity.render-pipelines.core/Editor/LookDev/Icons/d_Camera2.png using Guid(281160d54742cbb44a88a61bf8ccfb16) Importer(815301076,1909f56bfc062723c751e8b465ee728b)  -> (artifact id: 'f1a7472451d3997ab5c18813fe3e7cb0') in 0.047628 seconds
  Import took 0.057588 seconds .

========================================================================
Received Import Request.
  Time since last request: 0.000709 seconds.
  path: Packages/com.unity.render-pipelines.core/Editor/LookDev/Icons/d_Camera2@2x.png
  artifactKey: Guid(99d7e777338ab8f4ba890cc738794dba) Importer(815301076,1909f56bfc062723c751e8b465ee728b)
Start importing Packages/com.unity.render-pipelines.core/Editor/LookDev/Icons/d_Camera2@2x.png using Guid(99d7e777338ab8f4ba890cc738794dba) Importer(815301076,1909f56bfc062723c751e8b465ee728b)  -> (artifact id: '2e958df145cb2ca889dd021930957e92') in 0.045677 seconds
  Import took 0.054710 seconds .

========================================================================
Received Import Request.
  Time since last request: 0.706673 seconds.
  path: Packages/com.unity.render-pipelines.core/Editor/LookDev/Icons/d_CenterLight.png
  artifactKey: Guid(fca3bc21b4600e04faaddb69c5fad81e) Importer(815301076,1909f56bfc062723c751e8b465ee728b)
Start importing Packages/com.unity.render-pipelines.core/Editor/LookDev/Icons/d_CenterLight.png using Guid(fca3bc21b4600e04faaddb69c5fad81e) Importer(815301076,1909f56bfc062723c751e8b465ee728b)  -> (artifact id: '691c09fe4e6920185c3cf1fce4ead138') in 0.033918 seconds
  Import took 0.041495 seconds .

========================================================================
Received Import Request.
  Time since last request: 0.000465 seconds.
  path: Packages/com.unity.render-pipelines.core/Editor/LookDev/Icons/d_CenterLight@2x.png
  artifactKey: Guid(a14e6ee680df42f4c99bf69bc3d6b9ca) Importer(815301076,1909f56bfc062723c751e8b465ee728b)
Start importing Packages/com.unity.render-pipelines.core/Editor/LookDev/Icons/d_CenterLight@2x.png using Guid(a14e6ee680df42f4c99bf69bc3d6b9ca) Importer(815301076,1909f56bfc062723c751e8b465ee728b)  -> (artifact id: 'fe2001c8288ec066d04a57939ca3ba8f') in 0.030912 seconds
  Import took 0.037558 seconds .

========================================================================
Received Import Request.
  Time since last request: 0.000373 seconds.
  path: Packages/com.unity.render-pipelines.core/Editor/LookDev/Icons/d_Duplicate@2x.png
  artifactKey: Guid(8ca869dd944d5f54e9ec614b26f10dcb) Importer(815301076,1909f56bfc062723c751e8b465ee728b)
Start importing Packages/com.unity.render-pipelines.core/Editor/LookDev/Icons/d_Duplicate@2x.png using Guid(8ca869dd944d5f54e9ec614b26f10dcb) Importer(815301076,1909f56bfc062723c751e8b465ee728b)  -> (artifact id: '63a9e2c7c9b75790e371435bb3e542bf') in 0.030486 seconds
  Import took 0.036442 seconds .

========================================================================
Received Import Request.
  Time since last request: 0.000588 seconds.
  path: Packages/com.unity.render-pipelines.core/Editor/LookDev/Icons/d_CenterLight@2x.png
  artifactKey: Guid(a14e6ee680df42f4c99bf69bc3d6b9ca) Importer(815301076,1909f56bfc062723c751e8b465ee728b)
Start importing Packages/com.unity.render-pipelines.core/Editor/LookDev/Icons/d_CenterLight@2x.png using Guid(a14e6ee680df42f4c99bf69bc3d6b9ca) Importer(815301076,1909f56bfc062723c751e8b465ee728b)  -> (artifact id: 'fe2001c8288ec066d04a57939ca3ba8f') in 0.019551 seconds
  Import took 0.031211 seconds .

========================================================================
Received Import Request.
  Time since last request: 0.000413 seconds.
  path: Packages/com.unity.render-pipelines.core/Editor/LookDev/Icons/d_Environment@2x.png
  artifactKey: Guid(a4638c6b8e07c0b49822ed7a91a96d0a) Importer(815301076,1909f56bfc062723c751e8b465ee728b)
Start importing Packages/com.unity.render-pipelines.core/Editor/LookDev/Icons/d_Environment@2x.png using Guid(a4638c6b8e07c0b49822ed7a91a96d0a) Importer(815301076,1909f56bfc062723c751e8b465ee728b)  -> (artifact id: '4c2d6838dbd84ecc77ec9d0a4a78ed83') in 0.042099 seconds
  Import took 0.050310 seconds .

========================================================================
Received Import Request.
  Time since last request: 0.000331 seconds.
  path: Packages/com.unity.render-pipelines.core/Editor/LookDev/Icons/d_Environment.png
  artifactKey: Guid(98cefb354c00bc44cb31fffd52dc4650) Importer(815301076,1909f56bfc062723c751e8b465ee728b)
Start importing Packages/com.unity.render-pipelines.core/Editor/LookDev/Icons/d_Environment.png using Guid(98cefb354c00bc44cb31fffd52dc4650) Importer(815301076,1909f56bfc062723c751e8b465ee728b)  -> (artifact id: 'bc845685961b41d7c64f25506b7df713') in 0.029615 seconds
  Import took 0.039554 seconds .

========================================================================
Received Import Request.
  Time since last request: 0.000586 seconds.
  path: Packages/com.unity.render-pipelines.core/Editor/LookDev/Icons/d_Layout2.png
  artifactKey: Guid(98b5b3e7c51d32547b9b09232034b5d5) Importer(815301076,1909f56bfc062723c751e8b465ee728b)
Start importing Packages/com.unity.render-pipelines.core/Editor/LookDev/Icons/d_Layout2.png using Guid(98b5b3e7c51d32547b9b09232034b5d5) Importer(815301076,1909f56bfc062723c751e8b465ee728b)  -> (artifact id: '4737a11748868f2140529848579053fb') in 0.037225 seconds
  Import took 0.048253 seconds .

========================================================================
Received Import Request.
  Time since last request: 0.000360 seconds.
  path: Packages/com.unity.render-pipelines.core/Editor/LookDev/Icons/d_Layout1.png
  artifactKey: Guid(da974c4d40533154a83d57ca90e34bb8) Importer(815301076,1909f56bfc062723c751e8b465ee728b)
Start importing Packages/com.unity.render-pipelines.core/Editor/LookDev/Icons/d_Layout1.png using Guid(da974c4d40533154a83d57ca90e34bb8) Importer(815301076,1909f56bfc062723c751e8b465ee728b)  -> (artifact id: '96633e39f9ac2a77314eed0a58870373') in 0.029969 seconds
  Import took 0.036917 seconds .

========================================================================
Received Import Request.
  Time since last request: 0.000400 seconds.
  path: Packages/com.unity.render-pipelines.core/Editor/LookDev/Icons/d_Layout1@2x.png
  artifactKey: Guid(4de5e4f3717b2c548bd8b90b6c628b2f) Importer(815301076,1909f56bfc062723c751e8b465ee728b)
Start importing Packages/com.unity.render-pipelines.core/Editor/LookDev/Icons/d_Layout1@2x.png using Guid(4de5e4f3717b2c548bd8b90b6c628b2f) Importer(815301076,1909f56bfc062723c751e8b465ee728b)  -> (artifact id: 'd4b981f879aaf006d7dcb958c4bc41f5') in 0.036025 seconds
  Import took 0.046480 seconds .

========================================================================
Received Import Request.
  Time since last request: 0.000628 seconds.
  path: Packages/com.unity.render-pipelines.core/Editor/LookDev/Icons/d_Layout2@2x.png
  artifactKey: Guid(50f7a3e9878119a4da02f38cf05d75ba) Importer(815301076,1909f56bfc062723c751e8b465ee728b)
Start importing Packages/com.unity.render-pipelines.core/Editor/LookDev/Icons/d_Layout2@2x.png using Guid(50f7a3e9878119a4da02f38cf05d75ba) Importer(815301076,1909f56bfc062723c751e8b465ee728b)  -> (artifact id: 'caef3b7d496a335efcd9cb45ac032600') in 0.053649 seconds
  Import took 0.065254 seconds .

========================================================================
Received Import Request.
  Time since last request: 0.000513 seconds.
  path: Packages/com.unity.render-pipelines.core/Editor/LookDev/Icons/d_CenterLight.png
  artifactKey: Guid(fca3bc21b4600e04faaddb69c5fad81e) Importer(815301076,1909f56bfc062723c751e8b465ee728b)
Start importing Packages/com.unity.render-pipelines.core/Editor/LookDev/Icons/d_CenterLight.png using Guid(fca3bc21b4600e04faaddb69c5fad81e) Importer(815301076,1909f56bfc062723c751e8b465ee728b)  -> (artifact id: '691c09fe4e6920185c3cf1fce4ead138') in 0.020413 seconds
  Import took 0.030811 seconds .

========================================================================
Received Import Request.
  Time since last request: 0.000400 seconds.
  path: Packages/com.unity.render-pipelines.core/Editor/LookDev/Icons/d_Duplicate.png
  artifactKey: Guid(0d692588b1d40e9429620400bd5efe63) Importer(815301076,1909f56bfc062723c751e8b465ee728b)
Start importing Packages/com.unity.render-pipelines.core/Editor/LookDev/Icons/d_Duplicate.png using Guid(0d692588b1d40e9429620400bd5efe63) Importer(815301076,1909f56bfc062723c751e8b465ee728b)  -> (artifact id: '3e816a7f65adcc23f3a33617fc9716d1') in 0.044893 seconds
  Import took 0.052948 seconds .

========================================================================
Received Import Request.
  Time since last request: 0.208791 seconds.
  path: Packages/com.unity.render-pipelines.core/Editor/LookDev/Icons/d_LayoutCustom.png
  artifactKey: Guid(8c3a606a4a147a34c952b98bf038c662) Importer(815301076,1909f56bfc062723c751e8b465ee728b)
Start importing Packages/com.unity.render-pipelines.core/Editor/LookDev/Icons/d_LayoutCustom.png using Guid(8c3a606a4a147a34c952b98bf038c662) Importer(815301076,1909f56bfc062723c751e8b465ee728b)  -> (artifact id: '6e4040713d432013fde8361c3b9ecb46') in 0.031008 seconds
  Import took 0.036669 seconds .

========================================================================
Received Import Request.
  Time since last request: 0.000380 seconds.
  path: Packages/com.unity.render-pipelines.core/Editor/LookDev/Icons/d_LayoutHorizontal.png
  artifactKey: Guid(83cbec96661199e408a744d4c3e586e2) Importer(815301076,1909f56bfc062723c751e8b465ee728b)
Start importing Packages/com.unity.render-pipelines.core/Editor/LookDev/Icons/d_LayoutHorizontal.png using Guid(83cbec96661199e408a744d4c3e586e2) Importer(815301076,1909f56bfc062723c751e8b465ee728b)  -> (artifact id: '4cc3fb619f7bc3d872f3ec5ad3df991a') in 0.030889 seconds
  Import took 0.042108 seconds .

========================================================================
Received Import Request.
  Time since last request: 0.000733 seconds.
  path: Packages/com.unity.render-pipelines.core/Editor/LookDev/Icons/d_LayoutHorizontal@2x.png
  artifactKey: Guid(9cad92999ddfa304495b735a55c78329) Importer(815301076,1909f56bfc062723c751e8b465ee728b)
Start importing Packages/com.unity.render-pipelines.core/Editor/LookDev/Icons/d_LayoutHorizontal@2x.png using Guid(9cad92999ddfa304495b735a55c78329) Importer(815301076,1909f56bfc062723c751e8b465ee728b)  -> (artifact id: '7599d8fe457bb7ddac23e8175a81ff54') in 0.044973 seconds
  Import took 0.054446 seconds .

========================================================================
Received Import Request.
  Time since last request: 0.000361 seconds.
  path: Packages/com.unity.render-pipelines.core/Editor/LookDev/Icons/d_LayoutCustom@2x.png
  artifactKey: Guid(b753c88a6aeb2674fa1d4f0a4c0a285a) Importer(815301076,1909f56bfc062723c751e8b465ee728b)
Start importing Packages/com.unity.render-pipelines.core/Editor/LookDev/Icons/d_LayoutCustom@2x.png using Guid(b753c88a6aeb2674fa1d4f0a4c0a285a) Importer(815301076,1909f56bfc062723c751e8b465ee728b)  -> (artifact id: 'f4035ffa22075102d29e78fbee3adc62') in 0.027583 seconds
  Import took 0.035822 seconds .

========================================================================
Received Import Request.
  Time since last request: 97.304565 seconds.
  path: Assets/GUItextures
  artifactKey: Guid(21394fcf5f2d16c4ea7d8895f371ca65) Importer(815301076,1909f56bfc062723c751e8b465ee728b)
Start importing Assets/GUItextures using Guid(21394fcf5f2d16c4ea7d8895f371ca65) Importer(815301076,1909f56bfc062723c751e8b465ee728b)  -> (artifact id: 'b4634e303622630559ba92c02fa5b526') in 0.018034 seconds
  Import took 0.039615 seconds .

========================================================================
Received Import Request.
  Time since last request: 39.347818 seconds.
  path: Assets/GUItextures/ShipPixel.png
  artifactKey: Guid(2d7196af8b10b6644a3f4f4ac6004cc3) Importer(815301076,1909f56bfc062723c751e8b465ee728b)
Start importing Assets/GUItextures/ShipPixel.png using Guid(2d7196af8b10b6644a3f4f4ac6004cc3) Importer(815301076,1909f56bfc062723c751e8b465ee728b)  -> (artifact id: 'c31e3655a4c04788b398a1569498b29e') in 0.068918 seconds
  Import took 0.082256 seconds .

========================================================================
Received Import Request.
  Time since last request: 10.841245 seconds.
  path: Assets/GUItextures/HealthBar.png
  artifactKey: Guid(65cf64760068a924f92926b9a48abadd) Importer(815301076,1909f56bfc062723c751e8b465ee728b)
Start importing Assets/GUItextures/HealthBar.png using Guid(65cf64760068a924f92926b9a48abadd) Importer(815301076,1909f56bfc062723c751e8b465ee728b)  -> (artifact id: '32d900b3524efbd652320d98eeeabd39') in 0.033413 seconds
  Import took 0.045134 seconds .

========================================================================
Received Prepare
Registering precompiled user dll's ...
Registered in 0.004692 seconds.
Begin MonoManager ReloadAssembly
Native extension for WindowsStandalone target not found
Native extension for WebGL target not found
Refreshing native plugins compatible for Editor in 0.89 ms, found 0 plugins.
Preloading 0 native plugins for Editor in 0.00 ms.
Invoked RoslynAnalysisRunner static constructor.
RoslynAnalysisRunner will not be running.
RoslynAnalysisRunner has terminated.
Mono: successfully reloaded assembly
- Completed reload, in  2.452 seconds
Platform modules already initialized, skipping
Shader 'Universal Render Pipeline/Particles/Lit': fallback shader 'Universal Render Pipeline/Particles/SimpleLit' not found
Refreshing native plugins compatible for Editor in 0.53 ms, found 0 plugins.
Preloading 0 native plugins for Editor in 0.00 ms.
Unloading 2762 Unused Serialized files (Serialized files now loaded: 0)
System memory in use before: 126.5 MB.
System memory in use after: 126.4 MB.

Unloading 16 unused Assets to reduce memory usage. Loaded Objects now: 3318.
Total: 6.429700 ms (FindLiveObjects: 0.585100 ms CreateObjectMapping: 0.308200 ms MarkObjects: 5.023400 ms  DeleteObjects: 0.509800 ms)

========================================================================
Received Import Request.
  Time since last request: 1535.129212 seconds.
  path: Assets/Scripts/PlayerHealth.cs
  artifactKey: Guid(3532b84e14dc02b4b9ab60d375f22a8c) Importer(815301076,1909f56bfc062723c751e8b465ee728b)
Start importing Assets/Scripts/PlayerHealth.cs using Guid(3532b84e14dc02b4b9ab60d375f22a8c) Importer(815301076,1909f56bfc062723c751e8b465ee728b)  -> (artifact id: '48c500b45807eb486952ef1fc063204d') in 0.034288 seconds
  Import took 0.044357 seconds .

========================================================================
Received Import Request.
  Time since last request: 0.004940 seconds.
  path: Assets/Scripts/PlayerHealth.cs
  artifactKey: Guid(3532b84e14dc02b4b9ab60d375f22a8c) Importer(815301076,1909f56bfc062723c751e8b465ee728b)
Start importing Assets/Scripts/PlayerHealth.cs using Guid(3532b84e14dc02b4b9ab60d375f22a8c) Importer(815301076,1909f56bfc062723c751e8b465ee728b)  -> (artifact id: '48c500b45807eb486952ef1fc063204d') in 0.003383 seconds
  Import took 0.008362 seconds .

========================================================================
Received Import Request.
  Time since last request: 1.112162 seconds.
  path: Assets/Scripts/Player_Space_Ship_Movement.cs
  artifactKey: Guid(48cd05d2ee10aa1458e9c942799558bc) Importer(815301076,1909f56bfc062723c751e8b465ee728b)
Start importing Assets/Scripts/Player_Space_Ship_Movement.cs using Guid(48cd05d2ee10aa1458e9c942799558bc) Importer(815301076,1909f56bfc062723c751e8b465ee728b)  -> (artifact id: '74bc2de46c804ce02ce1d43136d2c4d7') in 0.016515 seconds
  Import took 0.027240 seconds .

========================================================================
Received Prepare
Registering precompiled user dll's ...
Registered in 0.002013 seconds.
Begin MonoManager ReloadAssembly
Native extension for WindowsStandalone target not found
Native extension for WebGL target not found
Refreshing native plugins compatible for Editor in 1.09 ms, found 0 plugins.
Preloading 0 native plugins for Editor in 0.00 ms.
Invoked RoslynAnalysisRunner static constructor.
RoslynAnalysisRunner will not be running.
RoslynAnalysisRunner has terminated.
Mono: successfully reloaded assembly
- Completed reload, in  2.146 seconds
Platform modules already initialized, skipping
Shader 'Universal Render Pipeline/Particles/Lit': fallback shader 'Universal Render Pipeline/Particles/SimpleLit' not found
Refreshing native plugins compatible for Editor in 1.05 ms, found 0 plugins.
Preloading 0 native plugins for Editor in 0.00 ms.
Unloading 2763 Unused Serialized files (Serialized files now loaded: 0)
System memory in use before: 126.6 MB.
System memory in use after: 126.5 MB.

Unloading 16 unused Assets to reduce memory usage. Loaded Objects now: 3322.
Total: 5.564500 ms (FindLiveObjects: 0.568100 ms CreateObjectMapping: 0.342000 ms MarkObjects: 4.345700 ms  DeleteObjects: 0.306200 ms)

========================================================================
Received Prepare
Registering precompiled user dll's ...
Registered in 0.001975 seconds.
Begin MonoManager ReloadAssembly
Native extension for WindowsStandalone target not found
Native extension for WebGL target not found
Refreshing native plugins compatible for Editor in 0.90 ms, found 0 plugins.
Preloading 0 native plugins for Editor in 0.00 ms.
Invoked RoslynAnalysisRunner static constructor.
RoslynAnalysisRunner will not be running.
RoslynAnalysisRunner has terminated.
Mono: successfully reloaded assembly
- Completed reload, in  2.465 seconds
Platform modules already initialized, skipping
Shader 'Universal Render Pipeline/Particles/Lit': fallback shader 'Universal Render Pipeline/Particles/SimpleLit' not found
Refreshing native plugins compatible for Editor in 0.96 ms, found 0 plugins.
Preloading 0 native plugins for Editor in 0.00 ms.
Unloading 2763 Unused Serialized files (Serialized files now loaded: 0)
System memory in use before: 126.6 MB.
System memory in use after: 126.5 MB.

Unloading 16 unused Assets to reduce memory usage. Loaded Objects now: 3325.
Total: 5.445700 ms (FindLiveObjects: 0.462600 ms CreateObjectMapping: 0.298000 ms MarkObjects: 4.290300 ms  DeleteObjects: 0.392800 ms)

========================================================================
Received Import Request.
  Time since last request: 168.293859 seconds.
  path: Assets/Scripts/PlayerHealth.cs
  artifactKey: Guid(3532b84e14dc02b4b9ab60d375f22a8c) Importer(815301076,1909f56bfc062723c751e8b465ee728b)
Start importing Assets/Scripts/PlayerHealth.cs using Guid(3532b84e14dc02b4b9ab60d375f22a8c) Importer(815301076,1909f56bfc062723c751e8b465ee728b)  -> (artifact id: '19ec79ffe9d9ed10646a2728b2a5e519') in 0.017195 seconds
  Import took 0.028106 seconds .

========================================================================
Received Prepare
Registering precompiled user dll's ...
Registered in 0.004863 seconds.
Begin MonoManager ReloadAssembly
Native extension for WindowsStandalone target not found
Native extension for WebGL target not found
Refreshing native plugins compatible for Editor in 0.89 ms, found 0 plugins.
Preloading 0 native plugins for Editor in 0.00 ms.
Invoked RoslynAnalysisRunner static constructor.
RoslynAnalysisRunner will not be running.
RoslynAnalysisRunner has terminated.
Mono: successfully reloaded assembly
- Completed reload, in  2.768 seconds
Platform modules already initialized, skipping
Shader 'Universal Render Pipeline/Particles/Lit': fallback shader 'Universal Render Pipeline/Particles/SimpleLit' not found
Refreshing native plugins compatible for Editor in 0.74 ms, found 0 plugins.
Preloading 0 native plugins for Editor in 0.00 ms.
Unloading 2763 Unused Serialized files (Serialized files now loaded: 0)
System memory in use before: 126.6 MB.
System memory in use after: 126.5 MB.

Unloading 16 unused Assets to reduce memory usage. Loaded Objects now: 3328.
Total: 3.614100 ms (FindLiveObjects: 0.491600 ms CreateObjectMapping: 0.242200 ms MarkObjects: 2.648500 ms  DeleteObjects: 0.230400 ms)

========================================================================
Received Prepare
Registering precompiled user dll's ...
Registered in 0.004438 seconds.
Begin MonoManager ReloadAssembly
Native extension for WindowsStandalone target not found
Native extension for WebGL target not found
Refreshing native plugins compatible for Editor in 0.94 ms, found 0 plugins.
Preloading 0 native plugins for Editor in 0.00 ms.
Invoked RoslynAnalysisRunner static constructor.
RoslynAnalysisRunner will not be running.
RoslynAnalysisRunner has terminated.
Mono: successfully reloaded assembly
- Completed reload, in  2.366 seconds
Platform modules already initialized, skipping
Shader 'Universal Render Pipeline/Particles/Lit': fallback shader 'Universal Render Pipeline/Particles/SimpleLit' not found
Refreshing native plugins compatible for Editor in 0.97 ms, found 0 plugins.
Preloading 0 native plugins for Editor in 0.00 ms.
Unloading 2763 Unused Serialized files (Serialized files now loaded: 0)
System memory in use before: 126.6 MB.
System memory in use after: 126.5 MB.

Unloading 16 unused Assets to reduce memory usage. Loaded Objects now: 3331.
Total: 5.889200 ms (FindLiveObjects: 0.692800 ms CreateObjectMapping: 0.243400 ms MarkObjects: 4.714400 ms  DeleteObjects: 0.237300 ms)

========================================================================
Received Prepare
Registering precompiled user dll's ...
Registered in 0.001983 seconds.
Begin MonoManager ReloadAssembly
Native extension for WindowsStandalone target not found
Native extension for WebGL target not found
Refreshing native plugins compatible for Editor in 1.56 ms, found 0 plugins.
Preloading 0 native plugins for Editor in 0.00 ms.
Invoked RoslynAnalysisRunner static constructor.
RoslynAnalysisRunner will not be running.
RoslynAnalysisRunner has terminated.
Mono: successfully reloaded assembly
- Completed reload, in  2.123 seconds
Platform modules already initialized, skipping
Shader 'Universal Render Pipeline/Particles/Lit': fallback shader 'Universal Render Pipeline/Particles/SimpleLit' not found
Refreshing native plugins compatible for Editor in 0.50 ms, found 0 plugins.
Preloading 0 native plugins for Editor in 0.00 ms.
Unloading 2763 Unused Serialized files (Serialized files now loaded: 0)
System memory in use before: 126.7 MB.
System memory in use after: 126.5 MB.

Unloading 16 unused Assets to reduce memory usage. Loaded Objects now: 3334.
Total: 4.495300 ms (FindLiveObjects: 0.386400 ms CreateObjectMapping: 0.236600 ms MarkObjects: 3.672800 ms  DeleteObjects: 0.198100 ms)

========================================================================
Received Prepare
Registering precompiled user dll's ...
Registered in 0.003080 seconds.
Begin MonoManager ReloadAssembly
Native extension for WindowsStandalone target not found
Native extension for WebGL target not found
Refreshing native plugins compatible for Editor in 0.46 ms, found 0 plugins.
Preloading 0 native plugins for Editor in 0.00 ms.
Invoked RoslynAnalysisRunner static constructor.
RoslynAnalysisRunner will not be running.
RoslynAnalysisRunner has terminated.
Mono: successfully reloaded assembly
- Completed reload, in  1.554 seconds
Platform modules already initialized, skipping
Shader 'Universal Render Pipeline/Particles/Lit': fallback shader 'Universal Render Pipeline/Particles/SimpleLit' not found
Refreshing native plugins compatible for Editor in 0.51 ms, found 0 plugins.
Preloading 0 native plugins for Editor in 0.00 ms.
Unloading 2763 Unused Serialized files (Serialized files now loaded: 0)
System memory in use before: 126.7 MB.
System memory in use after: 126.6 MB.

Unloading 16 unused Assets to reduce memory usage. Loaded Objects now: 3337.
Total: 3.048900 ms (FindLiveObjects: 0.291900 ms CreateObjectMapping: 0.159700 ms MarkObjects: 2.387600 ms  DeleteObjects: 0.208400 ms)

========================================================================
Received Prepare
Registering precompiled user dll's ...
Registered in 0.004494 seconds.
Begin MonoManager ReloadAssembly
Native extension for WindowsStandalone target not found
Native extension for WebGL target not found
Refreshing native plugins compatible for Editor in 1.04 ms, found 0 plugins.
Preloading 0 native plugins for Editor in 0.00 ms.
Invoked RoslynAnalysisRunner static constructor.
RoslynAnalysisRunner will not be running.
RoslynAnalysisRunner has terminated.
Mono: successfully reloaded assembly
- Completed reload, in  2.528 seconds
Platform modules already initialized, skipping
Shader 'Universal Render Pipeline/Particles/Lit': fallback shader 'Universal Render Pipeline/Particles/SimpleLit' not found
Refreshing native plugins compatible for Editor in 0.82 ms, found 0 plugins.
Preloading 0 native plugins for Editor in 0.00 ms.
Unloading 2763 Unused Serialized files (Serialized files now loaded: 0)
System memory in use before: 126.7 MB.
System memory in use after: 126.6 MB.

Unloading 16 unused Assets to reduce memory usage. Loaded Objects now: 3340.
Total: 3.544100 ms (FindLiveObjects: 0.315500 ms CreateObjectMapping: 0.195800 ms MarkObjects: 2.783400 ms  DeleteObjects: 0.248100 ms)

========================================================================
Received Prepare
Registering precompiled user dll's ...
Registered in 0.002276 seconds.
Begin MonoManager ReloadAssembly
Native extension for WindowsStandalone target not found
Native extension for WebGL target not found
Refreshing native plugins compatible for Editor in 0.45 ms, found 0 plugins.
Preloading 0 native plugins for Editor in 0.00 ms.
Invoked RoslynAnalysisRunner static constructor.
RoslynAnalysisRunner will not be running.
RoslynAnalysisRunner has terminated.
Mono: successfully reloaded assembly
- Completed reload, in  1.093 seconds
Platform modules already initialized, skipping
Shader 'Universal Render Pipeline/Particles/Lit': fallback shader 'Universal Render Pipeline/Particles/SimpleLit' not found
Refreshing native plugins compatible for Editor in 0.56 ms, found 0 plugins.
Preloading 0 native plugins for Editor in 0.00 ms.
Unloading 2763 Unused Serialized files (Serialized files now loaded: 0)
System memory in use before: 126.7 MB.
System memory in use after: 126.6 MB.

Unloading 16 unused Assets to reduce memory usage. Loaded Objects now: 3343.
Total: 3.058200 ms (FindLiveObjects: 0.426300 ms CreateObjectMapping: 0.240100 ms MarkObjects: 2.186700 ms  DeleteObjects: 0.203300 ms)

========================================================================
Received Prepare
Registering precompiled user dll's ...
Registered in 0.001760 seconds.
Begin MonoManager ReloadAssembly
Native extension for WindowsStandalone target not found
Native extension for WebGL target not found
Refreshing native plugins compatible for Editor in 0.50 ms, found 0 plugins.
Preloading 0 native plugins for Editor in 0.00 ms.
Invoked RoslynAnalysisRunner static constructor.
RoslynAnalysisRunner will not be running.
RoslynAnalysisRunner has terminated.
Mono: successfully reloaded assembly
- Completed reload, in  0.933 seconds
Platform modules already initialized, skipping
Shader 'Universal Render Pipeline/Particles/Lit': fallback shader 'Universal Render Pipeline/Particles/SimpleLit' not found
Refreshing native plugins compatible for Editor in 0.43 ms, found 0 plugins.
Preloading 0 native plugins for Editor in 0.00 ms.
Unloading 2763 Unused Serialized files (Serialized files now loaded: 0)
System memory in use before: 126.7 MB.
System memory in use after: 126.6 MB.

Unloading 16 unused Assets to reduce memory usage. Loaded Objects now: 3346.
Total: 2.763800 ms (FindLiveObjects: 0.292200 ms CreateObjectMapping: 0.150500 ms MarkObjects: 2.130900 ms  DeleteObjects: 0.189500 ms)

========================================================================
Received Import Request.
  Time since last request: 1135.234788 seconds.
  path: Assets/Scripts/PlayerHealth.cs
  artifactKey: Guid(3532b84e14dc02b4b9ab60d375f22a8c) Importer(815301076,1909f56bfc062723c751e8b465ee728b)
Start importing Assets/Scripts/PlayerHealth.cs using Guid(3532b84e14dc02b4b9ab60d375f22a8c) Importer(815301076,1909f56bfc062723c751e8b465ee728b)  -> (artifact id: 'b8d7ebdd8d91abc29ea8f398eb934f26') in 0.007019 seconds
  Import took 0.011901 seconds .

========================================================================
Received Import Request.
  Time since last request: 0.001062 seconds.
  path: Assets/Scripts/PlayerHealth.cs
  artifactKey: Guid(3532b84e14dc02b4b9ab60d375f22a8c) Importer(815301076,1909f56bfc062723c751e8b465ee728b)
Start importing Assets/Scripts/PlayerHealth.cs using Guid(3532b84e14dc02b4b9ab60d375f22a8c) Importer(815301076,1909f56bfc062723c751e8b465ee728b)  -> (artifact id: 'b8d7ebdd8d91abc29ea8f398eb934f26') in 0.003658 seconds
  Import took 0.008641 seconds .

========================================================================
Received Prepare
Registering precompiled user dll's ...
Registered in 0.002236 seconds.
Begin MonoManager ReloadAssembly
Loading assembly failed: "Library/ScriptAssemblies/Assembly-CSharp-Editor.dll"

Native extension for WindowsStandalone target not found
Native extension for WebGL target not found
Refreshing native plugins compatible for Editor in 0.43 ms, found 0 plugins.
Preloading 0 native plugins for Editor in 0.00 ms.
Invoked RoslynAnalysisRunner static constructor.
RoslynAnalysisRunner will not be running.
RoslynAnalysisRunner has terminated.
Mono: successfully reloaded assembly
- Completed reload, in  1.000 seconds
Platform modules already initialized, skipping
Assertion failed on expression: 'reloadOk'

Shader 'Universal Render Pipeline/Particles/Lit': fallback shader 'Universal Render Pipeline/Particles/SimpleLit' not found
Refreshing native plugins compatible for Editor in 0.44 ms, found 0 plugins.
Preloading 0 native plugins for Editor in 0.00 ms.
Unloading 2762 Unused Serialized files (Serialized files now loaded: 0)
System memory in use before: 126.8 MB.
System memory in use after: 126.7 MB.

Unloading 17 unused Assets to reduce memory usage. Loaded Objects now: 3348.
Total: 3.851000 ms (FindLiveObjects: 0.547500 ms CreateObjectMapping: 0.222300 ms MarkObjects: 2.877200 ms  DeleteObjects: 0.201800 ms)

========================================================================
Received Prepare
Registering precompiled user dll's ...
Registered in 0.001791 seconds.
Begin MonoManager ReloadAssembly
Native extension for WindowsStandalone target not found
Native extension for WebGL target not found
Refreshing native plugins compatible for Editor in 0.45 ms, found 0 plugins.
Preloading 0 native plugins for Editor in 0.00 ms.
Invoked RoslynAnalysisRunner static constructor.
RoslynAnalysisRunner will not be running.
RoslynAnalysisRunner has terminated.
Mono: successfully reloaded assembly
- Completed reload, in  0.919 seconds
Platform modules already initialized, skipping
Shader 'Universal Render Pipeline/Particles/Lit': fallback shader 'Universal Render Pipeline/Particles/SimpleLit' not found
Refreshing native plugins compatible for Editor in 0.47 ms, found 0 plugins.
Preloading 0 native plugins for Editor in 0.00 ms.
Unloading 2762 Unused Serialized files (Serialized files now loaded: 0)
System memory in use before: 126.8 MB.
System memory in use after: 126.7 MB.

Unloading 16 unused Assets to reduce memory usage. Loaded Objects now: 3351.
Total: 3.280700 ms (FindLiveObjects: 0.368800 ms CreateObjectMapping: 0.150300 ms MarkObjects: 2.518700 ms  DeleteObjects: 0.241100 ms)

========================================================================
Received Prepare
Registering precompiled user dll's ...
Registered in 0.001699 seconds.
Begin MonoManager ReloadAssembly
Native extension for WindowsStandalone target not found
Native extension for WebGL target not found
Refreshing native plugins compatible for Editor in 0.49 ms, found 0 plugins.
Preloading 0 native plugins for Editor in 0.00 ms.
Invoked RoslynAnalysisRunner static constructor.
RoslynAnalysisRunner will not be running.
RoslynAnalysisRunner has terminated.
Mono: successfully reloaded assembly
- Completed reload, in  0.900 seconds
Platform modules already initialized, skipping
Shader 'Universal Render Pipeline/Particles/Lit': fallback shader 'Universal Render Pipeline/Particles/SimpleLit' not found
Refreshing native plugins compatible for Editor in 0.43 ms, found 0 plugins.
Preloading 0 native plugins for Editor in 0.00 ms.
Unloading 2762 Unused Serialized files (Serialized files now loaded: 0)
System memory in use before: 126.8 MB.
System memory in use after: 126.7 MB.

Unloading 16 unused Assets to reduce memory usage. Loaded Objects now: 3354.
Total: 2.624000 ms (FindLiveObjects: 0.300600 ms CreateObjectMapping: 0.190300 ms MarkObjects: 1.948600 ms  DeleteObjects: 0.183600 ms)

========================================================================
Received Import Request.
  Time since last request: 347.021651 seconds.
  path: Assets/Scripts/Player_Space_Ship_Movement.cs
  artifactKey: Guid(48cd05d2ee10aa1458e9c942799558bc) Importer(815301076,1909f56bfc062723c751e8b465ee728b)
Start importing Assets/Scripts/Player_Space_Ship_Movement.cs using Guid(48cd05d2ee10aa1458e9c942799558bc) Importer(815301076,1909f56bfc062723c751e8b465ee728b)  -> (artifact id: '10745fa45e23864cf5acbfc5679bcd39') in 0.005508 seconds
  Import took 0.009603 seconds .

========================================================================
Received Prepare
Registering precompiled user dll's ...
Registered in 0.001983 seconds.
Begin MonoManager ReloadAssembly
Native extension for WindowsStandalone target not found
Native extension for WebGL target not found
Refreshing native plugins compatible for Editor in 0.44 ms, found 0 plugins.
Preloading 0 native plugins for Editor in 0.00 ms.
Invoked RoslynAnalysisRunner static constructor.
RoslynAnalysisRunner will not be running.
RoslynAnalysisRunner has terminated.
Mono: successfully reloaded assembly
- Completed reload, in  0.914 seconds
Platform modules already initialized, skipping
Shader 'Universal Render Pipeline/Particles/Lit': fallback shader 'Universal Render Pipeline/Particles/SimpleLit' not found
Refreshing native plugins compatible for Editor in 0.46 ms, found 0 plugins.
Preloading 0 native plugins for Editor in 0.00 ms.
Unloading 2762 Unused Serialized files (Serialized files now loaded: 0)
System memory in use before: 126.8 MB.
System memory in use after: 126.7 MB.

Unloading 16 unused Assets to reduce memory usage. Loaded Objects now: 3357.
Total: 2.694100 ms (FindLiveObjects: 0.301300 ms CreateObjectMapping: 0.164900 ms MarkObjects: 2.038900 ms  DeleteObjects: 0.187900 ms)

========================================================================
Received Prepare
Registering precompiled user dll's ...
Registered in 0.001721 seconds.
Begin MonoManager ReloadAssembly
Native extension for WindowsStandalone target not found
Native extension for WebGL target not found
Refreshing native plugins compatible for Editor in 0.48 ms, found 0 plugins.
Preloading 0 native plugins for Editor in 0.00 ms.
Invoked RoslynAnalysisRunner static constructor.
RoslynAnalysisRunner will not be running.
RoslynAnalysisRunner has terminated.
Mono: successfully reloaded assembly
- Completed reload, in  0.883 seconds
Platform modules already initialized, skipping
Shader 'Universal Render Pipeline/Particles/Lit': fallback shader 'Universal Render Pipeline/Particles/SimpleLit' not found
Refreshing native plugins compatible for Editor in 0.45 ms, found 0 plugins.
Preloading 0 native plugins for Editor in 0.00 ms.
Unloading 2762 Unused Serialized files (Serialized files now loaded: 0)
System memory in use before: 126.8 MB.
System memory in use after: 126.7 MB.

Unloading 16 unused Assets to reduce memory usage. Loaded Objects now: 3360.
Total: 6.252600 ms (FindLiveObjects: 0.692300 ms CreateObjectMapping: 0.431900 ms MarkObjects: 4.772200 ms  DeleteObjects: 0.353200 ms)

========================================================================
Received Prepare
Registering precompiled user dll's ...
Registered in 0.001765 seconds.
Begin MonoManager ReloadAssembly
Native extension for WindowsStandalone target not found
Native extension for WebGL target not found
Refreshing native plugins compatible for Editor in 0.46 ms, found 0 plugins.
Preloading 0 native plugins for Editor in 0.00 ms.
Invoked RoslynAnalysisRunner static constructor.
RoslynAnalysisRunner will not be running.
RoslynAnalysisRunner has terminated.
Mono: successfully reloaded assembly
- Completed reload, in  0.923 seconds
Platform modules already initialized, skipping
Shader 'Universal Render Pipeline/Particles/Lit': fallback shader 'Universal Render Pipeline/Particles/SimpleLit' not found
Refreshing native plugins compatible for Editor in 0.44 ms, found 0 plugins.
Preloading 0 native plugins for Editor in 0.00 ms.
Unloading 2762 Unused Serialized files (Serialized files now loaded: 0)
System memory in use before: 126.8 MB.
System memory in use after: 126.7 MB.

Unloading 16 unused Assets to reduce memory usage. Loaded Objects now: 3363.
Total: 3.213900 ms (FindLiveObjects: 0.472400 ms CreateObjectMapping: 0.217600 ms MarkObjects: 2.331300 ms  DeleteObjects: 0.191200 ms)

========================================================================
Received Prepare
Registering precompiled user dll's ...
Registered in 0.001773 seconds.
Begin MonoManager ReloadAssembly
Native extension for WindowsStandalone target not found
Native extension for WebGL target not found
Refreshing native plugins compatible for Editor in 0.43 ms, found 0 plugins.
Preloading 0 native plugins for Editor in 0.00 ms.
Invoked RoslynAnalysisRunner static constructor.
RoslynAnalysisRunner will not be running.
RoslynAnalysisRunner has terminated.
Mono: successfully reloaded assembly
- Completed reload, in  0.909 seconds
Platform modules already initialized, skipping
Shader 'Universal Render Pipeline/Particles/Lit': fallback shader 'Universal Render Pipeline/Particles/SimpleLit' not found
Refreshing native plugins compatible for Editor in 0.47 ms, found 0 plugins.
Preloading 0 native plugins for Editor in 0.00 ms.
Unloading 2762 Unused Serialized files (Serialized files now loaded: 0)
System memory in use before: 126.8 MB.
System memory in use after: 126.7 MB.

Unloading 16 unused Assets to reduce memory usage. Loaded Objects now: 3366.
Total: 2.636400 ms (FindLiveObjects: 0.279700 ms CreateObjectMapping: 0.125700 ms MarkObjects: 2.052800 ms  DeleteObjects: 0.176800 ms)

========================================================================
Received Prepare
Registering precompiled user dll's ...
Registered in 0.001715 seconds.
Begin MonoManager ReloadAssembly
Native extension for WindowsStandalone target not found
Native extension for WebGL target not found
Refreshing native plugins compatible for Editor in 0.43 ms, found 0 plugins.
Preloading 0 native plugins for Editor in 0.00 ms.
Invoked RoslynAnalysisRunner static constructor.
RoslynAnalysisRunner will not be running.
RoslynAnalysisRunner has terminated.
Mono: successfully reloaded assembly
- Completed reload, in  0.897 seconds
Platform modules already initialized, skipping
Shader 'Universal Render Pipeline/Particles/Lit': fallback shader 'Universal Render Pipeline/Particles/SimpleLit' not found
Refreshing native plugins compatible for Editor in 0.43 ms, found 0 plugins.
Preloading 0 native plugins for Editor in 0.00 ms.
Unloading 2762 Unused Serialized files (Serialized files now loaded: 0)
System memory in use before: 126.9 MB.
System memory in use after: 126.8 MB.

Unloading 16 unused Assets to reduce memory usage. Loaded Objects now: 3369.
Total: 3.127700 ms (FindLiveObjects: 0.332900 ms CreateObjectMapping: 0.216800 ms MarkObjects: 2.394000 ms  DeleteObjects: 0.182700 ms)

========================================================================
Received Import Request.
  Time since last request: 1386.189624 seconds.
  path: Assets/StarSparrow/pixil-frame-0 (3).png
  artifactKey: Guid(5cf5b7f62a845344ca0a01ac4a19d21b) Importer(815301076,1909f56bfc062723c751e8b465ee728b)
Start importing Assets/StarSparrow/pixil-frame-0 (3).png using Guid(5cf5b7f62a845344ca0a01ac4a19d21b) Importer(815301076,1909f56bfc062723c751e8b465ee728b)  -> (artifact id: '8dbd26fa0c733d773fb606a39b46db2a') in 0.060972 seconds
  Import took 0.066470 seconds .

========================================================================
Received Import Request.
  Time since last request: 0.000367 seconds.
  path: Assets/StarSparrow/pixil-frame-0 (4).png
  artifactKey: Guid(06b6fa1f3e053464daba462789416b4d) Importer(815301076,1909f56bfc062723c751e8b465ee728b)
Start importing Assets/StarSparrow/pixil-frame-0 (4).png using Guid(06b6fa1f3e053464daba462789416b4d) Importer(815301076,1909f56bfc062723c751e8b465ee728b)  -> (artifact id: '075292d7fb22e4ffa4af086cf4de5189') in 0.013022 seconds
  Import took 0.017452 seconds .

========================================================================
Received Import Request.
  Time since last request: 46.700999 seconds.
  path: Assets/GUItextures/fuelbar.png
  artifactKey: Guid(c885b14c58796d743a6808a07f7a164e) Importer(815301076,1909f56bfc062723c751e8b465ee728b)
Start importing Assets/GUItextures/fuelbar.png using Guid(c885b14c58796d743a6808a07f7a164e) Importer(815301076,1909f56bfc062723c751e8b465ee728b)  -> (artifact id: '3cca2de28c0891c317f1531eefdc6c89') in 0.013953 seconds
  Import took 0.018763 seconds .

========================================================================
Received Import Request.
  Time since last request: 0.000387 seconds.
  path: Assets/GUItextures/fuelimage.png
  artifactKey: Guid(f0df7e65af7adf943aef650578f5bbfd) Importer(815301076,1909f56bfc062723c751e8b465ee728b)
Start importing Assets/GUItextures/fuelimage.png using Guid(f0df7e65af7adf943aef650578f5bbfd) Importer(815301076,1909f56bfc062723c751e8b465ee728b)  -> (artifact id: '047d0d1213f962bc3dea63e3ff6aee0f') in 0.013286 seconds
  Import took 0.017867 seconds .

========================================================================
Received Import Request.
  Time since last request: 13.374460 seconds.
  path: Assets/GUItextures/fuelimage.png
  artifactKey: Guid(f0df7e65af7adf943aef650578f5bbfd) Importer(815301076,1909f56bfc062723c751e8b465ee728b)
Start importing Assets/GUItextures/fuelimage.png using Guid(f0df7e65af7adf943aef650578f5bbfd) Importer(815301076,1909f56bfc062723c751e8b465ee728b)  -> (artifact id: '06f264c324d73c92a794e5a9165aeee3') in 0.043689 seconds
  Import took 0.048143 seconds .

========================================================================
Received Import Request.
  Time since last request: 8.056246 seconds.
  path: Assets/GUItextures/fuelbar.png
  artifactKey: Guid(c885b14c58796d743a6808a07f7a164e) Importer(815301076,1909f56bfc062723c751e8b465ee728b)
Start importing Assets/GUItextures/fuelbar.png using Guid(c885b14c58796d743a6808a07f7a164e) Importer(815301076,1909f56bfc062723c751e8b465ee728b)  -> (artifact id: 'df7d18482f58f47731c461e3a8314eac') in 0.022786 seconds
  Import took 0.027142 seconds .

AssetImportWorkerClient::OnTransportError - code=2 error=End of file
